Hyperparameters:
  adam_eps: 1e-08
  adam_wd: 0.02
  beta1: 0.9
  beta2: 0.95
  clip_mult_early: 1.0
  clip_mult_late: 1.0
  clip_mult_loop: 1.0
  clip_mult_mid: 1.0
  compressor: brotli
  data_dir: ./local_tokenizer_data/casefold_v2
  datasets_dir: ./local_tokenizer_data/casefold_v2/datasets/fineweb10B_sp8192
  distributed: True
  ema_decay: 0.997
  embed_bits: 8
  embed_clip_sigmas: 20.0
  embed_lr: 0.6
  embed_wd: 0.085
  embedding_dim: 512
  enable_looping_at: 0.5
  eval_seq_len: 2048
  eval_stride: 64
  gptq_calibration_batches: 1
  gptq_reserve_seconds: 12.0
  grad_accum_steps: 8
  grad_clip_norm: 0.3
  head_lr: 0.008
  hessian_clip_lambda: 0.0
  is_main_process: True
  iterations: 20000
  ln_scale: True
  local_rank: 0
  logfile: logs/2026-04-22_CasefoldV2_NoTTT_SkipGates30m.txt
  logit_softcap: 30.0
  loop_end: 5
  loop_layer_bits: 0
  loop_layer_clip_sigmas: 0.0
  loop_phase2_at: 0.0
  loop_start: 4
  matrix_bits: 6
  matrix_clip_sigmas: 12.85
  matrix_lr: 0.02
  max_wallclock_seconds: 1800.0
  min_lr: 0.0
  mlp_mult: 4.0
  model_dim: 512
  model_path: final_model.pt
  muon_backend_steps: 5
  muon_beta2: 0.95
  muon_momentum: 0.99
  muon_momentum_warmup_start: 0.92
  muon_momentum_warmup_steps: 1500
  muon_row_normalize: True
  muon_wd: 0.085
  num_heads: 8
  num_kv_heads: 4
  num_layers: 11
  num_loops: 0
  parallel_residual_start: -1
  qk_gain_init: 4.0
  quantized_model_path: final_model.int6.ptz
  rank: 0
  rope_base: 10000.0
  rope_dims: 16
  rope_train_seq_len: 2048
  run_id: 2026-04-22_CasefoldV2_NoTTT_SkipGates30m
  scalar_lr: 0.02
  seed: 1337
  skip_gates_enabled: True
  sliding_window_enabled: False
  tie_embeddings: True
  tied_embed_init_std: 0.005
  tied_embed_lr: 0.03
  tokenizer_path: ./local_tokenizer_data/casefold_v2/tokenizers/fineweb_8192_bpe.model
  train_batch_tokens: 786432
  train_files: ./local_tokenizer_data/casefold_v2/datasets/fineweb10B_sp8192/fineweb_train_*.bin
  train_log_every: 50
  train_seq_len: 2048
  ttt_chunk_tokens: 32768
  ttt_enabled: False
  ttt_entropy_high: 2.1
  ttt_entropy_low: 1.75
  ttt_epochs: 4
  ttt_freeze_blocks: 2
  ttt_lr: 0.0005
  ttt_ns_steps: 3
  untie_loop_mlps: False
  val_batch_tokens: 524288
  val_files: ./local_tokenizer_data/casefold_v2/datasets/fineweb10B_sp8192/fineweb_val_*.bin
  val_loss_every: 0
  vocab_size: 8192
  warmdown_frac: 0.667
  warmup_steps: 1
  world_size: 1
  xsa_last_n: 11
[rank0]: Traceback (most recent call last):
[rank0]:   File "/home/joey/Code/joey-parameter-golf/scripts/train_gpt_decode_sidecar.py", line 105, in <module>
[rank0]:     main()
[rank0]:   File "/home/joey/Code/joey-parameter-golf/scripts/train_gpt_decode_sidecar.py", line 101, in main
[rank0]:     module.main()
[rank0]:   File "/home/joey/Code/joey-parameter-golf/parameter-golf/records/track_10min_16mb/2026-04-06_SP8192_HessianSDClip_ProgressiveRecurrence/train_gpt_decode.py", line 1868, in main
[rank0]:     train_and_eval(h, device)
[rank0]:   File "/home/joey/Code/joey-parameter-golf/parameter-golf/records/track_10min_16mb/2026-04-06_SP8192_HessianSDClip_ProgressiveRecurrence/train_gpt_decode.py", line 1797, in train_and_eval
[rank0]:     val_data = ValidationData(h, device)
[rank0]:                ^^^^^^^^^^^^^^^^^^^^^^^^^
[rank0]:   File "/home/joey/Code/joey-parameter-golf/scripts/train_gpt_decode_sidecar.py", line 36, in __init__
[rank0]:     super().__init__(h, device)
[rank0]:   File "/home/joey/Code/joey-parameter-golf/parameter-golf/records/track_10min_16mb/2026-04-06_SP8192_HessianSDClip_ProgressiveRecurrence/train_gpt_decode.py", line 192, in __init__
[rank0]:     self.sp = spm.SentencePieceProcessor(model_file=h.tokenizer_path)
[rank0]:               ^^^^^^^^^^^^^^^^^^^^^^^^^^^^^^^^^^^^^^^^^^^^^^^^^^^^^^^
[rank0]:   File "/home/joey/Code/joey-parameter-golf/parameter-golf/.venv312x/lib/python3.12/site-packages/sentencepiece/__init__.py", line 468, in Init
[rank0]:     self.Load(model_file=model_file, model_proto=model_proto)
[rank0]:   File "/home/joey/Code/joey-parameter-golf/parameter-golf/.venv312x/lib/python3.12/site-packages/sentencepiece/__init__.py", line 961, in Load
[rank0]:     return self.LoadFromFile(model_file)
[rank0]:            ^^^^^^^^^^^^^^^^^^^^^^^^^^^^^
[rank0]:   File "/home/joey/Code/joey-parameter-golf/parameter-golf/.venv312x/lib/python3.12/site-packages/sentencepiece/__init__.py", line 316, in LoadFromFile
[rank0]:     return _sentencepiece.SentencePieceProcessor_LoadFromFile(self, arg)
[rank0]:            ^^^^^^^^^^^^^^^^^^^^^^^^^^^^^^^^^^^^^^^^^^^^^^^^^^^^^^^^^^^^^
[rank0]: OSError: Not found: "./local_tokenizer_data/casefold_v2/tokenizers/fineweb_8192_bpe.model": No such file or directory Error #2
[rank0]:[W423 11:53:46.740197431 ProcessGroupNCCL.cpp:1575] Warning: WARNING: destroy_process_group() was not called before program exit, which can leak resources. For more info, please see https://pytorch.org/docs/stable/distributed.html#shutdown (function operator())
E0423 11:53:48.121000 276417 torch/distributed/elastic/multiprocessing/api.py:986] failed (exitcode: 1) local_rank: 0 (pid: 276454) of binary: /home/joey/Code/joey-parameter-golf/parameter-golf/.venv312x/bin/python3
Traceback (most recent call last):
  File "/home/joey/Code/joey-parameter-golf/parameter-golf/.venv312x/bin/torchrun", line 10, in <module>
    sys.exit(main())
             ^^^^^^
  File "/home/joey/Code/joey-parameter-golf/parameter-golf/.venv312x/lib/python3.12/site-packages/torch/distributed/elastic/multiprocessing/errors/__init__.py", line 362, in wrapper
    return f(*args, **kwargs)
           ^^^^^^^^^^^^^^^^^^
  File "/home/joey/Code/joey-parameter-golf/parameter-golf/.venv312x/lib/python3.12/site-packages/torch/distributed/run.py", line 990, in main
    run(args)
  File "/home/joey/Code/joey-parameter-golf/parameter-golf/.venv312x/lib/python3.12/site-packages/torch/distributed/run.py", line 981, in run
    elastic_launch(
  File "/home/joey/Code/joey-parameter-golf/parameter-golf/.venv312x/lib/python3.12/site-packages/torch/distributed/launcher/api.py", line 170, in __call__
    return launch_agent(self._config, self._entrypoint, list(args))
           ^^^^^^^^^^^^^^^^^^^^^^^^^^^^^^^^^^^^^^^^^^^^^^^^^^^^^^^^
  File "/home/joey/Code/joey-parameter-golf/parameter-golf/.venv312x/lib/python3.12/site-packages/torch/distributed/launcher/api.py", line 317, in launch_agent
    raise ChildFailedError(
torch.distributed.elastic.multiprocessing.errors.ChildFailedError: 
============================================================
/home/joey/Code/joey-parameter-golf/scripts/train_gpt_decode_sidecar.py FAILED
------------------------------------------------------------
Failures:
  <NO_OTHER_FAILURES>
------------------------------------------------------------
Root Cause (first observed failure):
[0]:
  time      : 2026-04-23_11:53:48
  host      : MountShasta.localdomain
  rank      : 0 (local_rank: 0)
  exitcode  : 1 (pid: 276454)
  error_file: <N/A>
  traceback : To enable traceback see: https://pytorch.org/docs/stable/elastic/errors.html
============================================================
