Hyperparameters:
  adam_eps: 1e-08
  adam_wd: 0.02
  beta1: 0.9
  beta2: 0.95
  clip_mult_early: 1.0
  clip_mult_late: 1.0
  clip_mult_loop: 1.0
  clip_mult_mid: 1.0
  compressor: brotli
  data_dir: ../local_tokenizer_data/caseops_v1
  datasets_dir: ../local_tokenizer_data/caseops_v1/datasets/fineweb10B_sp8192
  distributed: True
  ema_decay: 0.997
  embed_bits: 8
  embed_clip_sigmas: 20.0
  embed_lr: 0.6
  embed_wd: 0.09
  embedding_dim: 512
  enable_looping_at: 0.5
  eval_seq_len: 2048
  eval_stride: 64
  gptq_calibration_batches: 1
  gptq_reserve_seconds: 12.0
  grad_accum_steps: 8
  grad_clip_norm: 0.3
  head_lr: 0.008
  hessian_clip_lambda: 0.15
  is_main_process: True
  iterations: 20000
  ln_scale: True
  local_rank: 0
  logfile: logs/2026-04-28_CaseOps_QKGain50_WD090_LegalTTT_smoke.txt
  logit_softcap: 30.0
  loop_end: 5
  loop_layer_bits: 0
  loop_layer_clip_sigmas: 0.0
  loop_phase2_at: 0.0
  loop_start: 4
  matrix_bits: 6
  matrix_clip_sigmas: 12.85
  matrix_lr: 0.02
  max_wallclock_seconds: 300.0
  min_lr: 0.0
  mlp_mult: 4.0
  model_dim: 512
  model_path: final_model.pt
  muon_backend_steps: 5
  muon_beta2: 0.95
  muon_momentum: 0.99
  muon_momentum_warmup_start: 0.92
  muon_momentum_warmup_steps: 1500
  muon_row_normalize: True
  muon_wd: 0.09
  num_heads: 8
  num_kv_heads: 4
  num_layers: 11
  num_loops: 0
  parallel_residual_start: 7
  qk_gain_init: 5.0
  quantized_model_path: final_model.int6.ptz
  rank: 0
  rope_base: 10000.0
  rope_dims: 16
  rope_train_seq_len: 2048
  run_id: 2026-04-28_CaseOps_QKGain50_WD090_LegalTTT_smoke
  scalar_lr: 0.02
  seed: 1337
  skip_gates_enabled: True
  sliding_window_enabled: False
  tie_embeddings: True
  tied_embed_init_std: 0.005
  tied_embed_lr: 0.03
  tokenizer_path: ../local_tokenizer_data/caseops_v1/tokenizers/fineweb_8192_bpe.model
  train_batch_tokens: 786432
  train_files: ../local_tokenizer_data/caseops_v1/datasets/fineweb10B_sp8192/fineweb_train_*.bin
  train_log_every: 50
  train_seq_len: 2048
  ttt_chunk_tokens: 32768
  ttt_enabled: True
  ttt_entropy_high: 2.1
  ttt_entropy_low: 1.75
  ttt_epochs: 3
  ttt_freeze_blocks: 2
  ttt_lr: 0.005
  ttt_ns_steps: 3
  untie_loop_mlps: False
  val_batch_tokens: 524288
  val_files: ../local_tokenizer_data/caseops_v1/datasets/fineweb10B_sp8192/fineweb_val_*.bin
  val_loss_every: 0
  vocab_size: 8192
  warmdown_frac: 0.667
  warmup_steps: 1
  world_size: 1
  xsa_last_n: 11
train_shards: 10
val_tokens: 1048576
model_params:35941464
hessian_clip: lambda=0.15
parallel_residuals: ON (layers 7-10)
gptq:reserving 12s, effective=288000ms
warmup_step: 1/1
1/20000 train_loss: 9.0140 train_time: 0.0m tok/s: 480655 looping:False
2/20000 train_loss: 12.7540 train_time: 0.1m tok/s: 464595 looping:False
3/20000 train_loss: 9.9946 train_time: 0.1m tok/s: 454416 looping:False
4/20000 train_loss: 8.5076 train_time: 0.1m tok/s: 449436 looping:False
5/20000 train_loss: 7.7839 train_time: 0.1m tok/s: 454350 looping:False
50/20000 train_loss: 4.4313 train_time: 1.4m tok/s: 467476 looping:False
100/20000 train_loss: 3.8774 train_time: 2.8m tok/s: 466018 looping:False
150/20000 train_loss: 3.4460 train_time: 4.2m tok/s: 464343 looping:False
170/20000 val_loss: 3.3444 val_bpb: 1.5544
stopping_early: wallclock_cap train_time: 288480ms step: 170/20000
peak memory allocated: 27053 MiB reserved: 27160 MiB
ema:applying EMA weights
pre-quantization post-ema val_loss:8.99338734 val_bpb:4.17979418 eval_time:2894ms
Serialized model: 135418745 bytes
Code size: 80055 bytes
GPTQ:collecting Hessians from calibration data...
GPTQ:collected 67 Hessians in 0.6s
GPTQ:saved Hessian diagnostics to hessian_diagnostics.pt (67 matrices)
Quantized weights:
  gptq (int6): blocks.attn.c_k.weight, blocks.attn.c_q.weight, blocks.attn.c_v.weight, blocks.attn.proj.weight, blocks.mlp.fc.weight, blocks.mlp.proj.weight
  gptq (int8): tok_emb.weight
  passthrough (float16): blocks.attn.q_gain, blocks.attn_scale, blocks.mlp_scale, blocks.resid_mix, skip_gates, skip_weights
Serialized model quantized+brotli: 15984211 bytes
Total submission size quantized+brotli: 16064266 bytes
quantized val_loss:9.01634783 val_bpb:4.19046537 eval_time:4813ms
ttt: 32 chunks, 16353 windows, freeze_blocks=2, lr=0.005, epochs=3
[rank0]: Traceback (most recent call last):
[rank0]:   File "/home/joey/Code/joey-parameter-golf/scripts/train_gpt_decode_sidecar.py", line 395, in <module>
[rank0]:     main()
[rank0]:   File "/home/joey/Code/joey-parameter-golf/scripts/train_gpt_decode_sidecar.py", line 391, in main
[rank0]:     module.main()
[rank0]:   File "/home/joey/Code/joey-parameter-golf/parameter-golf/records/track_10min_16mb/2026-04-06_SP8192_HessianSDClip_ProgressiveRecurrence/train_gpt_decode.py", line 1868, in main
[rank0]:     train_and_eval(h, device)
[rank0]:   File "/home/joey/Code/joey-parameter-golf/parameter-golf/records/track_10min_16mb/2026-04-06_SP8192_HessianSDClip_ProgressiveRecurrence/train_gpt_decode.py", line 1817, in train_and_eval
[rank0]:     timed_eval("quantized_ttt", eval_val_ttt, h, device, val_data, eval_model)
[rank0]:   File "/home/joey/Code/joey-parameter-golf/parameter-golf/records/track_10min_16mb/2026-04-06_SP8192_HessianSDClip_ProgressiveRecurrence/train_gpt_decode.py", line 1574, in timed_eval
[rank0]:     val_loss, val_bpb = fn(*args, **kwargs)
[rank0]:                         ^^^^^^^^^^^^^^^^^^^
[rank0]:   File "/home/joey/Code/joey-parameter-golf/scripts/train_gpt_decode_sidecar.py", line 345, in eval_val_ttt_with_sidecar
[rank0]:     ttt_logits = base_model.forward_logits(x_batch)
[rank0]:                  ^^^^^^^^^^^^^^^^^^^^^^^^^^^^^^^^^^
[rank0]:   File "/home/joey/Code/joey-parameter-golf/parameter-golf/records/track_10min_16mb/2026-04-06_SP8192_HessianSDClip_ProgressiveRecurrence/train_gpt_decode.py", line 644, in forward_logits
[rank0]:     x = self.blocks[i](x, x0)
[rank0]:         ^^^^^^^^^^^^^^^^^^^^^
[rank0]:   File "/home/joey/Code/joey-parameter-golf/parameter-golf/.venv312x/lib/python3.12/site-packages/torch/nn/modules/module.py", line 1779, in _wrapped_call_impl
[rank0]:     return self._call_impl(*args, **kwargs)
[rank0]:            ^^^^^^^^^^^^^^^^^^^^^^^^^^^^^^^^
[rank0]:   File "/home/joey/Code/joey-parameter-golf/parameter-golf/.venv312x/lib/python3.12/site-packages/torch/nn/modules/module.py", line 1790, in _call_impl
[rank0]:     return forward_call(*args, **kwargs)
[rank0]:            ^^^^^^^^^^^^^^^^^^^^^^^^^^^^^
[rank0]:   File "/home/joey/Code/joey-parameter-golf/parameter-golf/records/track_10min_16mb/2026-04-06_SP8192_HessianSDClip_ProgressiveRecurrence/train_gpt_decode.py", line 483, in forward
[rank0]:     attn_out = self.attn(self.attn_norm(x_in) * self.ln_scale_factor)
[rank0]:                ^^^^^^^^^^^^^^^^^^^^^^^^^^^^^^^^^^^^^^^^^^^^^^^^^^^^^^
[rank0]:   File "/home/joey/Code/joey-parameter-golf/parameter-golf/.venv312x/lib/python3.12/site-packages/torch/nn/modules/module.py", line 1779, in _wrapped_call_impl
[rank0]:     return self._call_impl(*args, **kwargs)
[rank0]:            ^^^^^^^^^^^^^^^^^^^^^^^^^^^^^^^^
[rank0]:   File "/home/joey/Code/joey-parameter-golf/parameter-golf/.venv312x/lib/python3.12/site-packages/torch/nn/modules/module.py", line 1790, in _call_impl
[rank0]:     return forward_call(*args, **kwargs)
[rank0]:            ^^^^^^^^^^^^^^^^^^^^^^^^^^^^^
[rank0]:   File "/home/joey/Code/joey-parameter-golf/parameter-golf/records/track_10min_16mb/2026-04-06_SP8192_HessianSDClip_ProgressiveRecurrence/train_gpt_decode.py", line 442, in forward
[rank0]:     q = apply_rotary_emb(q, cos, sin, self.rope_dims)
[rank0]:         ^^^^^^^^^^^^^^^^^^^^^^^^^^^^^^^^^^^^^^^^^^^^^
[rank0]:   File "/home/joey/Code/joey-parameter-golf/parameter-golf/records/track_10min_16mb/2026-04-06_SP8192_HessianSDClip_ProgressiveRecurrence/train_gpt_decode.py", line 394, in apply_rotary_emb
[rank0]:     x_rope = torch.cat((x1 * cos + x2 * sin, x1 * (-sin) + x2 * cos), dim=-1)
[rank0]:                         ~~~^~~~~
[rank0]: RuntimeError: Inference tensors cannot be saved for backward. Please do not use Tensors created in inference mode in computation tracked by autograd. To work around this, you can make a clone to get a normal tensor and use it in autograd, or use `torch.no_grad()` instead of `torch.inference_mode()`.
[rank0]:[W428 23:11:17.717225350 ProcessGroupNCCL.cpp:1575] Warning: WARNING: destroy_process_group() was not called before program exit, which can leak resources. For more info, please see https://pytorch.org/docs/stable/distributed.html#shutdown (function operator())
E0428 23:11:19.228000 501765 torch/distributed/elastic/multiprocessing/api.py:986] failed (exitcode: 1) local_rank: 0 (pid: 501802) of binary: /home/joey/Code/joey-parameter-golf/parameter-golf/.venv312x/bin/python3
Traceback (most recent call last):
  File "/home/joey/Code/joey-parameter-golf/parameter-golf/.venv312x/bin/torchrun", line 10, in <module>
    sys.exit(main())
             ^^^^^^
  File "/home/joey/Code/joey-parameter-golf/parameter-golf/.venv312x/lib/python3.12/site-packages/torch/distributed/elastic/multiprocessing/errors/__init__.py", line 362, in wrapper
    return f(*args, **kwargs)
           ^^^^^^^^^^^^^^^^^^
  File "/home/joey/Code/joey-parameter-golf/parameter-golf/.venv312x/lib/python3.12/site-packages/torch/distributed/run.py", line 990, in main
    run(args)
  File "/home/joey/Code/joey-parameter-golf/parameter-golf/.venv312x/lib/python3.12/site-packages/torch/distributed/run.py", line 981, in run
    elastic_launch(
  File "/home/joey/Code/joey-parameter-golf/parameter-golf/.venv312x/lib/python3.12/site-packages/torch/distributed/launcher/api.py", line 170, in __call__
    return launch_agent(self._config, self._entrypoint, list(args))
           ^^^^^^^^^^^^^^^^^^^^^^^^^^^^^^^^^^^^^^^^^^^^^^^^^^^^^^^^
  File "/home/joey/Code/joey-parameter-golf/parameter-golf/.venv312x/lib/python3.12/site-packages/torch/distributed/launcher/api.py", line 317, in launch_agent
    raise ChildFailedError(
torch.distributed.elastic.multiprocessing.errors.ChildFailedError: 
============================================================
/home/joey/Code/joey-parameter-golf/scripts/train_gpt_decode_sidecar.py FAILED
------------------------------------------------------------
Failures:
  <NO_OTHER_FAILURES>
------------------------------------------------------------
Root Cause (first observed failure):
[0]:
  time      : 2026-04-28_23:11:19
  host      : MountShasta.localdomain
  rank      : 0 (local_rank: 0)
  exitcode  : 1 (pid: 501802)
  error_file: <N/A>
  traceback : To enable traceback see: https://pytorch.org/docs/stable/elastic/errors.html
============================================================
