Hyperparameters:
  adam_eps: 1e-08
  adam_wd: 0.02
  beta1: 0.9
  beta2: 0.95
  clip_mult_early: 1.0
  clip_mult_late: 1.0
  clip_mult_loop: 1.0
  clip_mult_mid: 1.0
  compressor: brotli
  data_dir: ../local_tokenizer_data/casefold_v2
  datasets_dir: ../local_tokenizer_data/casefold_v2/datasets/fineweb10B_sp8192
  distributed: True
  ema_decay: 0.997
  embed_bits: 8
  embed_clip_sigmas: 20.0
  embed_lr: 0.6
  embed_wd: 0.085
  embedding_dim: 512
  enable_looping_at: 0.5
  eval_seq_len: 2048
  eval_stride: 64
  gptq_calibration_batches: 1
  gptq_reserve_seconds: 12.0
  grad_accum_steps: 8
  grad_clip_norm: 0.3
  head_lr: 0.008
  hessian_clip_lambda: 0.15
  is_main_process: True
  iterations: 20000
  ln_scale: True
  local_rank: 0
  logfile: logs/2026-04-25_CasefoldV2_ParResid_QAT20_QKGain40_All_EarlyOnly.txt
  logit_softcap: 30.0
  loop_end: 5
  loop_layer_bits: 0
  loop_layer_clip_sigmas: 0.0
  loop_phase2_at: 0.0
  loop_start: 4
  matrix_bits: 6
  matrix_clip_sigmas: 12.85
  matrix_lr: 0.02
  max_wallclock_seconds: 1800.0
  min_lr: 0.0
  mlp_mult: 4.0
  model_dim: 512
  model_path: final_model.pt
  muon_backend_steps: 5
  muon_beta2: 0.95
  muon_momentum: 0.99
  muon_momentum_warmup_start: 0.92
  muon_momentum_warmup_steps: 1500
  muon_row_normalize: True
  muon_wd: 0.085
  num_heads: 8
  num_kv_heads: 4
  num_layers: 11
  num_loops: 0
  parallel_residual_start: 7
  qk_gain_init: 4.0
  quantized_model_path: final_model.int6.ptz
  rank: 0
  rope_base: 10000.0
  rope_dims: 16
  rope_train_seq_len: 2048
  run_id: 2026-04-25_CasefoldV2_ParResid_QAT20_QKGain40_All_EarlyOnly
  scalar_lr: 0.02
  seed: 1337
  skip_gates_enabled: True
  sliding_window_enabled: False
  tie_embeddings: True
  tied_embed_init_std: 0.005
  tied_embed_lr: 0.03
  tokenizer_path: ../local_tokenizer_data/casefold_v2/tokenizers/fineweb_8192_bpe.model
  train_batch_tokens: 786432
  train_files: ../local_tokenizer_data/casefold_v2/datasets/fineweb10B_sp8192/fineweb_train_*.bin
  train_log_every: 50
  train_seq_len: 2048
  ttt_chunk_tokens: 32768
  ttt_enabled: False
  ttt_entropy_high: 2.1
  ttt_entropy_low: 1.75
  ttt_epochs: 4
  ttt_freeze_blocks: 2
  ttt_lr: 0.0005
  ttt_ns_steps: 3
  untie_loop_mlps: False
  val_batch_tokens: 524288
  val_files: ../local_tokenizer_data/casefold_v2/datasets/fineweb10B_sp8192/fineweb_val_*.bin
  val_loss_every: 0
  vocab_size: 8192
  warmdown_frac: 0.667
  warmup_steps: 1
  world_size: 1
  xsa_last_n: 11
train_shards: 10
val_tokens: 36286464
model_params:35941464
hessian_clip: lambda=0.15
parallel_residuals: ON (layers 7-10)
qat:enabled fraction=0.200 ramp_steps=500 alpha=(1.0->16.0) target=all layers=0-6
qat:modules 42 -> blocks.0.attn.c_q, blocks.0.attn.c_k, blocks.0.attn.c_v, blocks.0.attn.proj, blocks.0.mlp.fc, blocks.0.mlp.proj, blocks.1.attn.c_q, blocks.1.attn.c_k, blocks.1.attn.c_v, blocks.1.attn.proj, blocks.1.mlp.fc, blocks.1.mlp.proj, blocks.2.attn.c_q, blocks.2.attn.c_k, blocks.2.attn.c_v, blocks.2.attn.proj, blocks.2.mlp.fc, blocks.2.mlp.proj, blocks.3.attn.c_q, blocks.3.attn.c_k, blocks.3.attn.c_v, blocks.3.attn.proj, blocks.3.mlp.fc, blocks.3.mlp.proj, blocks.4.attn.c_q, blocks.4.attn.c_k, blocks.4.attn.c_v, blocks.4.attn.proj, blocks.4.mlp.fc, blocks.4.mlp.proj, blocks.5.attn.c_q, blocks.5.attn.c_k, blocks.5.attn.c_v, blocks.5.attn.proj, blocks.5.mlp.fc, blocks.5.mlp.proj, blocks.6.attn.c_q, blocks.6.attn.c_k, blocks.6.attn.c_v, blocks.6.attn.proj, blocks.6.mlp.fc, blocks.6.mlp.proj
gptq:reserving 12s, effective=1788000ms
warmup_step: 1/1
1/20000 train_loss: 9.0181 train_time: 0.0m tok/s: 481663 looping:False
2/20000 train_loss: 12.3831 train_time: 0.1m tok/s: 480715 looping:False
3/20000 train_loss: 11.4416 train_time: 0.1m tok/s: 479557 looping:False
4/20000 train_loss: 9.8619 train_time: 0.1m tok/s: 479082 looping:False
5/20000 train_loss: 8.7154 train_time: 0.1m tok/s: 469869 looping:False
50/20000 train_loss: 5.4889 train_time: 1.4m tok/s: 471966 looping:False
100/20000 train_loss: 4.8723 train_time: 2.8m tok/s: 468670 looping:False
150/20000 train_loss: 4.3097 train_time: 4.2m tok/s: 468475 looping:False
200/20000 train_loss: 4.0336 train_time: 5.6m tok/s: 467923 looping:False
250/20000 train_loss: 3.9147 train_time: 7.0m tok/s: 468112 looping:False
300/20000 train_loss: 3.8210 train_time: 8.4m tok/s: 467592 looping:False
350/20000 train_loss: 3.7598 train_time: 9.8m tok/s: 466981 looping:False
400/20000 train_loss: 3.6854 train_time: 11.2m tok/s: 467155 looping:False
450/20000 train_loss: 3.6470 train_time: 12.6m tok/s: 466757 looping:False
500/20000 train_loss: 3.6157 train_time: 14.1m tok/s: 466305 looping:False
550/20000 train_loss: 3.5657 train_time: 15.5m tok/s: 466431 looping:False
600/20000 train_loss: 3.5510 train_time: 16.9m tok/s: 466105 looping:False
650/20000 train_loss: 3.5302 train_time: 18.3m tok/s: 465950 looping:False
700/20000 train_loss: 3.4891 train_time: 19.7m tok/s: 466088 looping:False
750/20000 train_loss: 3.4827 train_time: 21.1m tok/s: 465632 looping:False
800/20000 train_loss: 3.4350 train_time: 22.5m tok/s: 465869 looping:False
late_qat:enabled step:849 frac:0.801
850/20000 train_loss: 3.4156 train_time: 23.9m tok/s: 465875 looping:False
900/20000 train_loss: 3.3976 train_time: 25.3m tok/s: 465985 looping:False
950/20000 train_loss: 3.3715 train_time: 26.7m tok/s: 465933 looping:False
1000/20000 train_loss: 3.3584 train_time: 28.1m tok/s: 466120 looping:False
1050/20000 train_loss: 3.3802 train_time: 29.5m tok/s: 466320 looping:False
1060/20000 val_loss: 3.3425 val_bpb: 1.1582
stopping_early: wallclock_cap train_time: 1788072ms step: 1060/20000
peak memory allocated: 27053 MiB reserved: 27160 MiB
ema:applying EMA weights
pre-quantization post-ema val_loss:3.45101950 val_bpb:1.19580090 eval_time:27093ms
Serialized model: 135418745 bytes
Code size: 80055 bytes
GPTQ:collecting Hessians from calibration data...
GPTQ:collected 67 Hessians in 0.6s
GPTQ:saved Hessian diagnostics to hessian_diagnostics.pt (67 matrices)
Quantized weights:
  gptq (int6): blocks.attn.c_k.weight, blocks.attn.c_q.weight, blocks.attn.c_v.weight, blocks.attn.proj.weight, blocks.mlp.fc.weight, blocks.mlp.proj.weight
  gptq (int8): tok_emb.weight
  passthrough (float16): blocks.attn.q_gain, blocks.attn_scale, blocks.mlp_scale, blocks.resid_mix, skip_gates, skip_weights
Serialized model quantized+brotli: 15988600 bytes
Total submission size quantized+brotli: 16068655 bytes
quantized val_loss:3.46666739 val_bpb:1.20122299 eval_time:28527ms
