Hyperparameters:
  adam_eps: 1e-08
  adam_wd: 0.02
  beta1: 0.9
  beta2: 0.95
  clip_mult_early: 1.0
  clip_mult_late: 1.0
  clip_mult_loop: 1.0
  clip_mult_mid: 1.0
  compressor: brotli
  data_dir: ./data
  datasets_dir: ./data/datasets/fineweb10B_sp8192
  distributed: True
  ema_decay: 0.997
  embed_bits: 8
  embed_clip_sigmas: 20.0
  embed_lr: 0.6
  embed_wd: 0.085
  embedding_dim: 512
  enable_looping_at: 0.5
  eval_seq_len: 2048
  eval_stride: 64
  gptq_calibration_batches: 1
  gptq_reserve_seconds: 12.0
  grad_accum_steps: 8
  grad_clip_norm: 0.3
  head_lr: 0.008
  hessian_clip_lambda: 0.0
  is_main_process: True
  iterations: 20000
  ln_scale: True
  local_rank: 0
  logfile: logs/2026-04-22_SP8192_NoTTT_ParResid30m.txt
  logit_softcap: 30.0
  loop_end: 5
  loop_layer_bits: 0
  loop_layer_clip_sigmas: 0.0
  loop_phase2_at: 0.0
  loop_start: 4
  matrix_bits: 6
  matrix_clip_sigmas: 12.85
  matrix_lr: 0.02
  max_wallclock_seconds: 1800.0
  min_lr: 0.0
  mlp_mult: 4.0
  model_dim: 512
  model_path: final_model.pt
  muon_backend_steps: 5
  muon_beta2: 0.95
  muon_momentum: 0.99
  muon_momentum_warmup_start: 0.92
  muon_momentum_warmup_steps: 1500
  muon_row_normalize: True
  muon_wd: 0.085
  num_heads: 8
  num_kv_heads: 4
  num_layers: 11
  num_loops: 0
  parallel_residual_start: 7
  qk_gain_init: 4.0
  quantized_model_path: final_model.int6.ptz
  rank: 0
  rope_base: 10000.0
  rope_dims: 16
  rope_train_seq_len: 2048
  run_id: 2026-04-22_SP8192_NoTTT_ParResid30m
  scalar_lr: 0.02
  seed: 1337
  skip_gates_enabled: False
  sliding_window_enabled: True
  tie_embeddings: True
  tied_embed_init_std: 0.005
  tied_embed_lr: 0.03
  tokenizer_path: ./data/tokenizers/fineweb_8192_bpe.model
  train_batch_tokens: 786432
  train_files: ./data/datasets/fineweb10B_sp8192/fineweb_train_*.bin
  train_log_every: 50
  train_seq_len: 2048
  ttt_chunk_tokens: 32768
  ttt_enabled: False
  ttt_entropy_high: 2.1
  ttt_entropy_low: 1.75
  ttt_epochs: 4
  ttt_freeze_blocks: 2
  ttt_lr: 0.0005
  ttt_ns_steps: 3
  untie_loop_mlps: False
  val_batch_tokens: 524288
  val_files: ./data/datasets/fineweb10B_sp8192/fineweb_val_*.bin
  val_loss_every: 0
  vocab_size: 8192
  warmdown_frac: 0.667
  warmup_steps: 1
  world_size: 1
  xsa_last_n: 11
train_shards: 10
val_tokens: 40540160
model_params:35938904
parallel_residuals: ON (layers 7-10)
gptq:reserving 12s, effective=1788000ms
warmup_step: 1/1
1/20000 train_loss: 9.0047 train_time: 0.0m tok/s: 443653 looping:False
2/20000 train_loss: 12.1493 train_time: 0.1m tok/s: 442441 looping:False
3/20000 train_loss: 10.9120 train_time: 0.1m tok/s: 442002 looping:False
4/20000 train_loss: 9.4045 train_time: 0.1m tok/s: 441450 looping:False
5/20000 train_loss: 8.3523 train_time: 0.2m tok/s: 436565 looping:False
50/20000 train_loss: 5.2169 train_time: 1.5m tok/s: 428183 looping:False
100/20000 train_loss: 4.5600 train_time: 3.1m tok/s: 428566 looping:False
150/20000 train_loss: 3.9745 train_time: 4.6m tok/s: 428983 looping:False
200/20000 train_loss: 3.7264 train_time: 6.1m tok/s: 428428 looping:False
250/20000 train_loss: 3.6261 train_time: 7.6m tok/s: 428957 looping:False
300/20000 train_loss: 3.5539 train_time: 9.2m tok/s: 428890 looping:False
350/20000 train_loss: 3.4639 train_time: 10.7m tok/s: 429157 looping:False
400/20000 train_loss: 3.3913 train_time: 12.2m tok/s: 428954 looping:False
450/20000 train_loss: 3.3838 train_time: 13.7m tok/s: 429092 looping:False
500/20000 train_loss: 3.3152 train_time: 15.3m tok/s: 429255 looping:False
550/20000 train_loss: 3.3005 train_time: 16.8m tok/s: 429622 looping:False
600/20000 train_loss: 3.2382 train_time: 18.3m tok/s: 429606 looping:False
650/20000 train_loss: 3.2416 train_time: 19.8m tok/s: 429436 looping:False
700/20000 train_loss: 3.2075 train_time: 21.4m tok/s: 429423 looping:False
750/20000 train_loss: 3.1834 train_time: 22.9m tok/s: 429518 looping:False
800/20000 train_loss: 3.1402 train_time: 24.4m tok/s: 429799 looping:False
850/20000 train_loss: 3.1237 train_time: 25.9m tok/s: 429907 looping:False
900/20000 train_loss: 3.1155 train_time: 27.4m tok/s: 430123 looping:False
950/20000 train_loss: 3.1281 train_time: 29.0m tok/s: 429909 looping:False
978/20000 val_loss: 3.0816 val_bpb: 1.1930
stopping_early: wallclock_cap train_time: 1789365ms step: 978/20000
peak memory allocated: 26670 MiB reserved: 26776 MiB
ema:applying EMA weights
pre-quantization post-ema val_loss:3.24214189 val_bpb:1.25513416 eval_time:29639ms
Serialized model: 135408247 bytes
Code size: 80055 bytes
GPTQ:collecting Hessians from calibration data...
GPTQ:collected 67 Hessians in 0.5s
Quantized weights:
  gptq (int6): blocks.attn.c_k.weight, blocks.attn.c_q.weight, blocks.attn.c_v.weight, blocks.attn.proj.weight, blocks.mlp.fc.weight, blocks.mlp.proj.weight
  gptq (int8): tok_emb.weight
  passthrough (float16): blocks.attn.q_gain, blocks.attn_scale, blocks.mlp_scale, blocks.resid_mix, skip_weights
Serialized model quantized+brotli: 15980749 bytes
Total submission size quantized+brotli: 16060804 bytes
quantized val_loss:3.25648920 val_bpb:1.26068845 eval_time:31318ms
W0423 11:43:02.583000 274367 torch/distributed/elastic/agent/server/api.py:739] Received 15 death signal, shutting down workers
W0423 11:43:02.584000 274367 torch/distributed/elastic/multiprocessing/api.py:1012] Sending process 274404 closing signal SIGTERM
Traceback (most recent call last):
  File "/home/joey/Code/joey-parameter-golf/parameter-golf/.venv312x/bin/torchrun", line 10, in <module>
    sys.exit(main())
             ^^^^^^
  File "/home/joey/Code/joey-parameter-golf/parameter-golf/.venv312x/lib/python3.12/site-packages/torch/distributed/elastic/multiprocessing/errors/__init__.py", line 362, in wrapper
    return f(*args, **kwargs)
           ^^^^^^^^^^^^^^^^^^
  File "/home/joey/Code/joey-parameter-golf/parameter-golf/.venv312x/lib/python3.12/site-packages/torch/distributed/run.py", line 990, in main
    run(args)
  File "/home/joey/Code/joey-parameter-golf/parameter-golf/.venv312x/lib/python3.12/site-packages/torch/distributed/run.py", line 981, in run
    elastic_launch(
  File "/home/joey/Code/joey-parameter-golf/parameter-golf/.venv312x/lib/python3.12/site-packages/torch/distributed/launcher/api.py", line 170, in __call__
    return launch_agent(self._config, self._entrypoint, list(args))
           ^^^^^^^^^^^^^^^^^^^^^^^^^^^^^^^^^^^^^^^^^^^^^^^^^^^^^^^^
  File "/home/joey/Code/joey-parameter-golf/parameter-golf/.venv312x/lib/python3.12/site-packages/torch/distributed/launcher/api.py", line 308, in launch_agent
    result = agent.run()
             ^^^^^^^^^^^
  File "/home/joey/Code/joey-parameter-golf/parameter-golf/.venv312x/lib/python3.12/site-packages/torch/distributed/elastic/metrics/api.py", line 134, in wrapper
    result = f(*args, **kwargs)
             ^^^^^^^^^^^^^^^^^^
  File "/home/joey/Code/joey-parameter-golf/parameter-golf/.venv312x/lib/python3.12/site-packages/torch/distributed/elastic/agent/server/api.py", line 731, in run
    result = self._invoke_run(role)
             ^^^^^^^^^^^^^^^^^^^^^^
  File "/home/joey/Code/joey-parameter-golf/parameter-golf/.venv312x/lib/python3.12/site-packages/torch/distributed/elastic/agent/server/api.py", line 908, in _invoke_run
    time.sleep(monitor_interval)
  File "/home/joey/Code/joey-parameter-golf/parameter-golf/.venv312x/lib/python3.12/site-packages/torch/distributed/elastic/multiprocessing/api.py", line 86, in _terminate_process_handler
    raise SignalException(f"Process {os.getpid()} got signal: {sigval}", sigval=sigval)
torch.distributed.elastic.multiprocessing.api.SignalException: Process 274367 got signal: 15
[run_local_experiment] timeout after 2100.0s
