Hyperparameters:
  adam_eps: 1e-08
  adam_wd: 0.02
  beta1: 0.9
  beta2: 0.95
  clip_mult_early: 1.0
  clip_mult_late: 1.0
  clip_mult_loop: 1.0
  clip_mult_mid: 1.0
  compressor: brotli
  data_dir: ./data
  datasets_dir: ./data/datasets/fineweb10B_sp8192
  distributed: True
  ema_decay: 0.997
  embed_bits: 8
  embed_clip_sigmas: 20.0
  embed_lr: 0.6
  embed_wd: 0.085
  embedding_dim: 512
  enable_looping_at: 0.5
  eval_seq_len: 2048
  eval_stride: 64
  gptq_calibration_batches: 1
  gptq_reserve_seconds: 12.0
  grad_accum_steps: 8
  grad_clip_norm: 0.3
  head_lr: 0.008
  hessian_clip_lambda: 0.0
  is_main_process: True
  iterations: 20000
  ln_scale: True
  local_rank: 0
  logfile: logs/2026-04-22_SP8192_NoTTT_Base_smoke.txt
  logit_softcap: 30.0
  loop_end: 5
  loop_layer_bits: 0
  loop_layer_clip_sigmas: 0.0
  loop_phase2_at: 0.0
  loop_start: 4
  matrix_bits: 6
  matrix_clip_sigmas: 12.85
  matrix_lr: 0.02
  max_wallclock_seconds: 180.0
  min_lr: 0.0
  mlp_mult: 4.0
  model_dim: 512
  model_path: final_model.pt
  muon_backend_steps: 5
  muon_beta2: 0.95
  muon_momentum: 0.99
  muon_momentum_warmup_start: 0.92
  muon_momentum_warmup_steps: 1500
  muon_row_normalize: True
  muon_wd: 0.085
  num_heads: 8
  num_kv_heads: 4
  num_layers: 11
  num_loops: 0
  parallel_residual_start: -1
  qk_gain_init: 4.0
  quantized_model_path: final_model.int6.ptz
  rank: 0
  rope_base: 10000.0
  rope_dims: 16
  rope_train_seq_len: 2048
  run_id: 2026-04-22_SP8192_NoTTT_Base_smoke
  scalar_lr: 0.02
  seed: 1337
  skip_gates_enabled: False
  sliding_window_enabled: True
  tie_embeddings: True
  tied_embed_init_std: 0.005
  tied_embed_lr: 0.03
  tokenizer_path: ./data/tokenizers/fineweb_8192_bpe.model
  train_batch_tokens: 786432
  train_files: ./data/datasets/fineweb10B_sp8192/fineweb_train_*.bin
  train_log_every: 5
  train_seq_len: 2048
  ttt_chunk_tokens: 32768
  ttt_enabled: False
  ttt_entropy_high: 2.1
  ttt_entropy_low: 1.75
  ttt_epochs: 4
  ttt_freeze_blocks: 2
  ttt_lr: 0.0005
  ttt_ns_steps: 3
  untie_loop_mlps: False
  val_batch_tokens: 524288
  val_files: ./data/datasets/fineweb10B_sp8192/fineweb_val_*.bin
  val_loss_every: 0
  vocab_size: 8192
  warmdown_frac: 0.667
  warmup_steps: 1
  world_size: 1
  xsa_last_n: 11
train_shards: 10
val_tokens: 40540160
model_params:35938904
gptq:reserving 12s, effective=168000ms
warmup_step: 1/1
1/20000 train_loss: 9.0047 train_time: 0.0m tok/s: 482497 looping:False
2/20000 train_loss: 12.1515 train_time: 0.1m tok/s: 479137 looping:False
3/20000 train_loss: 10.9165 train_time: 0.1m tok/s: 477099 looping:False
4/20000 train_loss: 9.4087 train_time: 0.1m tok/s: 465659 looping:False
5/20000 train_loss: 8.3571 train_time: 0.1m tok/s: 459005 looping:False
10/20000 train_loss: 6.8999 train_time: 0.3m tok/s: 465655 looping:False
15/20000 train_loss: 6.3755 train_time: 0.4m tok/s: 464972 looping:False
20/20000 train_loss: 6.0188 train_time: 0.6m tok/s: 464566 looping:False
25/20000 train_loss: 5.6892 train_time: 0.7m tok/s: 458794 looping:False
30/20000 train_loss: 5.5265 train_time: 0.9m tok/s: 457835 looping:False
35/20000 train_loss: 5.3963 train_time: 1.0m tok/s: 455571 looping:False
40/20000 train_loss: 5.3109 train_time: 1.1m tok/s: 456776 looping:False
45/20000 train_loss: 5.2656 train_time: 1.3m tok/s: 457348 looping:False
50/20000 train_loss: 5.2118 train_time: 1.4m tok/s: 454727 looping:False
55/20000 train_loss: 5.1097 train_time: 1.6m tok/s: 454087 looping:False
60/20000 train_loss: 5.0631 train_time: 1.7m tok/s: 455262 looping:False
65/20000 train_loss: 4.9967 train_time: 1.9m tok/s: 456381 looping:False
70/20000 train_loss: 4.9707 train_time: 2.0m tok/s: 456069 looping:False
75/20000 train_loss: 4.8979 train_time: 2.2m tok/s: 456042 looping:False
80/20000 train_loss: 4.8563 train_time: 2.3m tok/s: 457013 looping:False
85/20000 train_loss: 4.8113 train_time: 2.4m tok/s: 457799 looping:False
90/20000 train_loss: 4.7717 train_time: 2.6m tok/s: 458086 looping:False
95/20000 train_loss: 4.7576 train_time: 2.7m tok/s: 457945 looping:False
98/20000 val_loss: 4.7446 val_bpb: 1.8368
stopping_early: wallclock_cap train_time: 168453ms step: 98/20000
peak memory allocated: 26860 MiB reserved: 26970 MiB
ema:applying EMA weights
pre-quantization post-ema val_loss:7.97034420 val_bpb:3.08556862 eval_time:29977ms
Serialized model: 135408247 bytes
Code size: 80055 bytes
GPTQ:collecting Hessians from calibration data...
GPTQ:collected 67 Hessians in 0.5s
Quantized weights:
  gptq (int6): blocks.attn.c_k.weight, blocks.attn.c_q.weight, blocks.attn.c_v.weight, blocks.attn.proj.weight, blocks.mlp.fc.weight, blocks.mlp.proj.weight
  gptq (int8): tok_emb.weight
  passthrough (float16): blocks.attn.q_gain, blocks.attn_scale, blocks.mlp_scale, blocks.resid_mix, skip_weights
Serialized model quantized+brotli: 15972439 bytes
Total submission size quantized+brotli: 16052494 bytes
quantized val_loss:7.98350734 val_bpb:3.09066448 eval_time:36447ms
W0423 00:13:30.543000 243339 torch/distributed/elastic/agent/server/api.py:739] Received 15 death signal, shutting down workers
W0423 00:13:30.544000 243339 torch/distributed/elastic/multiprocessing/api.py:1012] Sending process 243376 closing signal SIGTERM
Traceback (most recent call last):
  File "/home/joey/Code/joey-parameter-golf/parameter-golf/.venv312x/bin/torchrun", line 10, in <module>
    sys.exit(main())
             ^^^^^^
  File "/home/joey/Code/joey-parameter-golf/parameter-golf/.venv312x/lib/python3.12/site-packages/torch/distributed/elastic/multiprocessing/errors/__init__.py", line 362, in wrapper
    return f(*args, **kwargs)
           ^^^^^^^^^^^^^^^^^^
  File "/home/joey/Code/joey-parameter-golf/parameter-golf/.venv312x/lib/python3.12/site-packages/torch/distributed/run.py", line 990, in main
    run(args)
  File "/home/joey/Code/joey-parameter-golf/parameter-golf/.venv312x/lib/python3.12/site-packages/torch/distributed/run.py", line 981, in run
    elastic_launch(
  File "/home/joey/Code/joey-parameter-golf/parameter-golf/.venv312x/lib/python3.12/site-packages/torch/distributed/launcher/api.py", line 170, in __call__
    return launch_agent(self._config, self._entrypoint, list(args))
           ^^^^^^^^^^^^^^^^^^^^^^^^^^^^^^^^^^^^^^^^^^^^^^^^^^^^^^^^
  File "/home/joey/Code/joey-parameter-golf/parameter-golf/.venv312x/lib/python3.12/site-packages/torch/distributed/launcher/api.py", line 308, in launch_agent
    result = agent.run()
             ^^^^^^^^^^^
  File "/home/joey/Code/joey-parameter-golf/parameter-golf/.venv312x/lib/python3.12/site-packages/torch/distributed/elastic/metrics/api.py", line 134, in wrapper
    result = f(*args, **kwargs)
             ^^^^^^^^^^^^^^^^^^
  File "/home/joey/Code/joey-parameter-golf/parameter-golf/.venv312x/lib/python3.12/site-packages/torch/distributed/elastic/agent/server/api.py", line 731, in run
    result = self._invoke_run(role)
             ^^^^^^^^^^^^^^^^^^^^^^
  File "/home/joey/Code/joey-parameter-golf/parameter-golf/.venv312x/lib/python3.12/site-packages/torch/distributed/elastic/agent/server/api.py", line 908, in _invoke_run
    time.sleep(monitor_interval)
  File "/home/joey/Code/joey-parameter-golf/parameter-golf/.venv312x/lib/python3.12/site-packages/torch/distributed/elastic/multiprocessing/api.py", line 86, in _terminate_process_handler
    raise SignalException(f"Process {os.getpid()} got signal: {sigval}", sigval=sigval)
torch.distributed.elastic.multiprocessing.api.SignalException: Process 243339 got signal: 15
