Hyperparameters:
  adam_eps: 1e-08
  adam_wd: 0.02
  beta1: 0.9
  beta2: 0.95
  clip_mult_early: 1.0
  clip_mult_late: 1.0
  clip_mult_loop: 1.0
  clip_mult_mid: 1.0
  compressor: brotli
  data_dir: ../local_tokenizer_data/casefold_v2
  datasets_dir: ../local_tokenizer_data/casefold_v2/datasets/fineweb10B_sp8192
  distributed: True
  ema_decay: 0.997
  embed_bits: 8
  embed_clip_sigmas: 20.0
  embed_lr: 0.6
  embed_wd: 0.085
  embedding_dim: 512
  enable_looping_at: 0.5
  eval_seq_len: 2048
  eval_stride: 64
  gptq_calibration_batches: 1
  gptq_reserve_seconds: 12.0
  grad_accum_steps: 8
  grad_clip_norm: 0.3
  head_lr: 0.008
  hessian_clip_lambda: 0.15
  is_main_process: True
  iterations: 20000
  ln_scale: True
  local_rank: 0
  logfile: logs/2026-04-25_CasefoldV2_ParResid_QAT20_QKGain40_AttnOnly.txt
  logit_softcap: 30.0
  loop_end: 5
  loop_layer_bits: 0
  loop_layer_clip_sigmas: 0.0
  loop_phase2_at: 0.0
  loop_start: 4
  matrix_bits: 6
  matrix_clip_sigmas: 12.85
  matrix_lr: 0.02
  max_wallclock_seconds: 1800.0
  min_lr: 0.0
  mlp_mult: 4.0
  model_dim: 512
  model_path: final_model.pt
  muon_backend_steps: 5
  muon_beta2: 0.95
  muon_momentum: 0.99
  muon_momentum_warmup_start: 0.92
  muon_momentum_warmup_steps: 1500
  muon_row_normalize: True
  muon_wd: 0.085
  num_heads: 8
  num_kv_heads: 4
  num_layers: 11
  num_loops: 0
  parallel_residual_start: 7
  qk_gain_init: 4.0
  quantized_model_path: final_model.int6.ptz
  rank: 0
  rope_base: 10000.0
  rope_dims: 16
  rope_train_seq_len: 2048
  run_id: 2026-04-25_CasefoldV2_ParResid_QAT20_QKGain40_AttnOnly
  scalar_lr: 0.02
  seed: 1337
  skip_gates_enabled: True
  sliding_window_enabled: False
  tie_embeddings: True
  tied_embed_init_std: 0.005
  tied_embed_lr: 0.03
  tokenizer_path: ../local_tokenizer_data/casefold_v2/tokenizers/fineweb_8192_bpe.model
  train_batch_tokens: 786432
  train_files: ../local_tokenizer_data/casefold_v2/datasets/fineweb10B_sp8192/fineweb_train_*.bin
  train_log_every: 50
  train_seq_len: 2048
  ttt_chunk_tokens: 32768
  ttt_enabled: False
  ttt_entropy_high: 2.1
  ttt_entropy_low: 1.75
  ttt_epochs: 4
  ttt_freeze_blocks: 2
  ttt_lr: 0.0005
  ttt_ns_steps: 3
  untie_loop_mlps: False
  val_batch_tokens: 524288
  val_files: ../local_tokenizer_data/casefold_v2/datasets/fineweb10B_sp8192/fineweb_val_*.bin
  val_loss_every: 0
  vocab_size: 8192
  warmdown_frac: 0.667
  warmup_steps: 1
  world_size: 1
  xsa_last_n: 11
train_shards: 10
val_tokens: 36286464
model_params:35941464
hessian_clip: lambda=0.15
parallel_residuals: ON (layers 7-10)
qat:enabled fraction=0.200 ramp_steps=500 alpha=(1.0->16.0) target=attn layers=0-10
qat:modules 44 -> blocks.0.attn.c_q, blocks.0.attn.c_k, blocks.0.attn.c_v, blocks.0.attn.proj, blocks.1.attn.c_q, blocks.1.attn.c_k, blocks.1.attn.c_v, blocks.1.attn.proj, blocks.2.attn.c_q, blocks.2.attn.c_k, blocks.2.attn.c_v, blocks.2.attn.proj, blocks.3.attn.c_q, blocks.3.attn.c_k, blocks.3.attn.c_v, blocks.3.attn.proj, blocks.4.attn.c_q, blocks.4.attn.c_k, blocks.4.attn.c_v, blocks.4.attn.proj, blocks.5.attn.c_q, blocks.5.attn.c_k, blocks.5.attn.c_v, blocks.5.attn.proj, blocks.6.attn.c_q, blocks.6.attn.c_k, blocks.6.attn.c_v, blocks.6.attn.proj, blocks.7.attn.c_q, blocks.7.attn.c_k, blocks.7.attn.c_v, blocks.7.attn.proj, blocks.8.attn.c_q, blocks.8.attn.c_k, blocks.8.attn.c_v, blocks.8.attn.proj, blocks.9.attn.c_q, blocks.9.attn.c_k, blocks.9.attn.c_v, blocks.9.attn.proj, blocks.10.attn.c_q, blocks.10.attn.c_k, blocks.10.attn.c_v, blocks.10.attn.proj
gptq:reserving 12s, effective=1788000ms
warmup_step: 1/1
1/20000 train_loss: 9.0181 train_time: 0.0m tok/s: 477529 looping:False
2/20000 train_loss: 12.3831 train_time: 0.1m tok/s: 455945 looping:False
3/20000 train_loss: 11.4416 train_time: 0.1m tok/s: 449121 looping:False
4/20000 train_loss: 9.8618 train_time: 0.1m tok/s: 445546 looping:False
5/20000 train_loss: 8.7153 train_time: 0.1m tok/s: 445053 looping:False
50/20000 train_loss: 5.4884 train_time: 1.4m tok/s: 463613 looping:False
100/20000 train_loss: 4.8709 train_time: 2.8m tok/s: 465013 looping:False
150/20000 train_loss: 4.2874 train_time: 4.2m tok/s: 466988 looping:False
200/20000 train_loss: 4.0141 train_time: 5.6m tok/s: 468298 looping:False
250/20000 train_loss: 3.9218 train_time: 7.0m tok/s: 469226 looping:False
300/20000 train_loss: 3.8161 train_time: 8.4m tok/s: 469368 looping:False
350/20000 train_loss: 3.7532 train_time: 9.8m tok/s: 468554 looping:False
400/20000 train_loss: 3.6842 train_time: 11.2m tok/s: 468313 looping:False
450/20000 train_loss: 3.6483 train_time: 12.6m tok/s: 468206 looping:False
500/20000 train_loss: 3.6148 train_time: 14.0m tok/s: 467639 looping:False
550/20000 train_loss: 3.5637 train_time: 15.4m tok/s: 467537 looping:False
600/20000 train_loss: 3.5490 train_time: 16.8m tok/s: 467616 looping:False
650/20000 train_loss: 3.5285 train_time: 18.2m tok/s: 467599 looping:False
700/20000 train_loss: 3.4874 train_time: 19.6m tok/s: 467226 looping:False
750/20000 train_loss: 3.4839 train_time: 21.1m tok/s: 466930 looping:False
800/20000 train_loss: 3.4345 train_time: 22.5m tok/s: 466823 looping:False
late_qat:enabled step:850 frac:0.800
850/20000 train_loss: 3.4168 train_time: 23.9m tok/s: 466754 looping:False
900/20000 train_loss: 3.3975 train_time: 25.3m tok/s: 466634 looping:False
950/20000 train_loss: 3.3718 train_time: 26.7m tok/s: 466464 looping:False
1000/20000 train_loss: 3.3579 train_time: 28.1m tok/s: 466535 looping:False
1050/20000 train_loss: 3.3807 train_time: 29.5m tok/s: 466370 looping:False
1061/20000 val_loss: 3.3421 val_bpb: 1.1581
stopping_early: wallclock_cap train_time: 1788935ms step: 1061/20000
peak memory allocated: 27053 MiB reserved: 27160 MiB
ema:applying EMA weights
pre-quantization post-ema val_loss:3.44994860 val_bpb:1.19542982 eval_time:27164ms
Serialized model: 135418745 bytes
Code size: 80055 bytes
GPTQ:collecting Hessians from calibration data...
GPTQ:collected 67 Hessians in 0.5s
GPTQ:saved Hessian diagnostics to hessian_diagnostics.pt (67 matrices)
Quantized weights:
  gptq (int6): blocks.attn.c_k.weight, blocks.attn.c_q.weight, blocks.attn.c_v.weight, blocks.attn.proj.weight, blocks.mlp.fc.weight, blocks.mlp.proj.weight
  gptq (int8): tok_emb.weight
  passthrough (float16): blocks.attn.q_gain, blocks.attn_scale, blocks.mlp_scale, blocks.resid_mix, skip_gates, skip_weights
Serialized model quantized+brotli: 15988018 bytes
Total submission size quantized+brotli: 16068073 bytes
quantized val_loss:3.46491804 val_bpb:1.20061683 eval_time:28471ms
