Hyperparameters:
  adam_eps: 1e-08
  adam_wd: 0.02
  beta1: 0.9
  beta2: 0.95
  clip_mult_early: 1.0
  clip_mult_late: 1.0
  clip_mult_loop: 1.0
  clip_mult_mid: 1.0
  compressor: brotli
  data_dir: ../local_tokenizer_data/casefold_v2
  datasets_dir: ../local_tokenizer_data/casefold_v2/datasets/fineweb10B_sp8192
  distributed: True
  ema_decay: 0.997
  embed_bits: 8
  embed_clip_sigmas: 20.0
  embed_lr: 0.6
  embed_wd: 0.085
  embedding_dim: 512
  enable_looping_at: 0.0
  eval_seq_len: 2048
  eval_stride: 64
  gptq_calibration_batches: 1
  gptq_reserve_seconds: 12.0
  grad_accum_steps: 8
  grad_clip_norm: 0.3
  head_lr: 0.008
  hessian_clip_lambda: 0.0
  is_main_process: True
  iterations: 20000
  ln_scale: True
  local_rank: 0
  logfile: logs/2026-04-24_CasefoldV2_SkipGates_RecurLite_smoke.txt
  logit_softcap: 30.0
  loop_end: 5
  loop_layer_bits: 0
  loop_layer_clip_sigmas: 0.0
  loop_phase2_at: 0.0
  loop_start: 4
  matrix_bits: 6
  matrix_clip_sigmas: 12.85
  matrix_lr: 0.02
  max_wallclock_seconds: 600.0
  min_lr: 0.0
  mlp_mult: 4.0
  model_dim: 512
  model_path: final_model.pt
  muon_backend_steps: 5
  muon_beta2: 0.95
  muon_momentum: 0.99
  muon_momentum_warmup_start: 0.92
  muon_momentum_warmup_steps: 1500
  muon_row_normalize: True
  muon_wd: 0.085
  num_heads: 8
  num_kv_heads: 4
  num_layers: 11
  num_loops: 1
  parallel_residual_start: -1
  qk_gain_init: 4.0
  quantized_model_path: final_model.int6.ptz
  rank: 0
  rope_base: 10000.0
  rope_dims: 16
  rope_train_seq_len: 2048
  run_id: 2026-04-24_CasefoldV2_SkipGates_RecurLite_smoke
  scalar_lr: 0.02
  seed: 1337
  skip_gates_enabled: True
  sliding_window_enabled: False
  tie_embeddings: True
  tied_embed_init_std: 0.005
  tied_embed_lr: 0.03
  tokenizer_path: ../local_tokenizer_data/casefold_v2/tokenizers/fineweb_8192_bpe.model
  train_batch_tokens: 786432
  train_files: ../local_tokenizer_data/casefold_v2/datasets/fineweb10B_sp8192/fineweb_train_*.bin
  train_log_every: 20
  train_seq_len: 2048
  ttt_chunk_tokens: 32768
  ttt_enabled: False
  ttt_entropy_high: 2.1
  ttt_entropy_low: 1.75
  ttt_epochs: 4
  ttt_freeze_blocks: 2
  ttt_lr: 0.0005
  ttt_ns_steps: 3
  untie_loop_mlps: False
  val_batch_tokens: 524288
  val_files: ../local_tokenizer_data/casefold_v2/datasets/fineweb10B_sp8192/fineweb_val_*.bin
  val_loss_every: 0
  vocab_size: 8192
  warmdown_frac: 0.667
  warmup_steps: 1
  world_size: 1
  xsa_last_n: 11
train_shards: 10
val_tokens: 36286464
model_params:35942488
gptq:reserving 12s, effective=588000ms
warmup_step: 1/1
loop_warmup: encoder:[0, 1, 2, 3, 4, 5] decoder:[4, 5, 6, 7, 8, 9, 10]
loop_warmup_step: 1/1
layer_loop:enabled step:0 frac:0.000
1/20000 train_loss: 9.0181 train_time: 0.4m tok/s: 33404 looping:True
2/20000 train_loss: 12.3770 train_time: 1.0m tok/s: 27584 looping:True
3/20000 train_loss: 11.4298 train_time: 1.4m tok/s: 27924 looping:True
4/20000 train_loss: 9.8494 train_time: 1.9m tok/s: 28030 looping:True
5/20000 train_loss: 8.7053 train_time: 2.3m tok/s: 28096 looping:True
20/20000 train_loss: 6.4340 train_time: 9.3m tok/s: 28292 looping:True
W0424 02:57:34.268000 319341 torch/distributed/elastic/agent/server/api.py:739] Received 15 death signal, shutting down workers
W0424 02:57:34.269000 319341 torch/distributed/elastic/multiprocessing/api.py:1012] Sending process 319378 closing signal SIGTERM
Traceback (most recent call last):
  File "/home/joey/Code/joey-parameter-golf/parameter-golf/.venv312x/bin/torchrun", line 10, in <module>
    sys.exit(main())
             ^^^^^^
  File "/home/joey/Code/joey-parameter-golf/parameter-golf/.venv312x/lib/python3.12/site-packages/torch/distributed/elastic/multiprocessing/errors/__init__.py", line 362, in wrapper
    return f(*args, **kwargs)
           ^^^^^^^^^^^^^^^^^^
  File "/home/joey/Code/joey-parameter-golf/parameter-golf/.venv312x/lib/python3.12/site-packages/torch/distributed/run.py", line 990, in main
    run(args)
  File "/home/joey/Code/joey-parameter-golf/parameter-golf/.venv312x/lib/python3.12/site-packages/torch/distributed/run.py", line 981, in run
    elastic_launch(
  File "/home/joey/Code/joey-parameter-golf/parameter-golf/.venv312x/lib/python3.12/site-packages/torch/distributed/launcher/api.py", line 170, in __call__
    return launch_agent(self._config, self._entrypoint, list(args))
           ^^^^^^^^^^^^^^^^^^^^^^^^^^^^^^^^^^^^^^^^^^^^^^^^^^^^^^^^
  File "/home/joey/Code/joey-parameter-golf/parameter-golf/.venv312x/lib/python3.12/site-packages/torch/distributed/launcher/api.py", line 308, in launch_agent
    result = agent.run()
             ^^^^^^^^^^^
  File "/home/joey/Code/joey-parameter-golf/parameter-golf/.venv312x/lib/python3.12/site-packages/torch/distributed/elastic/metrics/api.py", line 134, in wrapper
    result = f(*args, **kwargs)
             ^^^^^^^^^^^^^^^^^^
  File "/home/joey/Code/joey-parameter-golf/parameter-golf/.venv312x/lib/python3.12/site-packages/torch/distributed/elastic/agent/server/api.py", line 731, in run
    result = self._invoke_run(role)
             ^^^^^^^^^^^^^^^^^^^^^^
  File "/home/joey/Code/joey-parameter-golf/parameter-golf/.venv312x/lib/python3.12/site-packages/torch/distributed/elastic/agent/server/api.py", line 908, in _invoke_run
    time.sleep(monitor_interval)
  File "/home/joey/Code/joey-parameter-golf/parameter-golf/.venv312x/lib/python3.12/site-packages/torch/distributed/elastic/multiprocessing/api.py", line 86, in _terminate_process_handler
    raise SignalException(f"Process {os.getpid()} got signal: {sigval}", sigval=sigval)
torch.distributed.elastic.multiprocessing.api.SignalException: Process 319341 got signal: 15
[run_local_experiment] timeout after 900.0s
